<?xml version="1.0" encoding="UTF-8"?>
<!-- Generated by org.testng.reporters.JUnitXMLReporter -->
<testsuite hostname="MANNAT" ignored="0" name="TestChrome" tests="3" failures="0" timestamp="13 Feb 2018 10:07:24 GMT" time="57.125" errors="0">
  <testcase name="testValidLogin" time="4.931" classname="com.FevTutor.test.ValidLogin"/>
  <testcase name="testInvalidLogin" time="4.258" classname="com.FevTutor.test.InvalidLogin"/>
  <testcase name="tesVerifyProductVersion" time="16.381" classname="com.FevTutor.test.VerifyProductVersion"/>
</testsuite> <!-- TestChrome -->
